<?xml version="1.0" encoding="UTF-8"?>
<testng-results ignored="0" total="1" passed="1" failed="0" skipped="0">
  <reporter-output>
  </reporter-output>
  <suite started-at="2024-03-08T09:46:18 IST" name="Surefire suite" finished-at="2024-03-08T09:46:33 IST" duration-ms="15070">
    <groups>
      <group name="cucumber">
        <method signature="AbstractTestNGCucumberTests.runScenario(io.cucumber.testng.PickleWrapper,io.cucumber.testng.FeatureWrapper)[pri:0, instance:Testrunner.TestRunner@30ee2816]" name="runScenario" class="io.cucumber.testng.AbstractTestNGCucumberTests"/>
      </group> <!-- cucumber -->
    </groups>
    <test started-at="2024-03-08T09:46:18 IST" name="Surefire test" finished-at="2024-03-08T09:46:33 IST" duration-ms="15070">
      <class name="Testrunner.TestRunner">
        <test-method is-config="true" signature="setUpClass(org.testng.ITestContext)[pri:0, instance:Testrunner.TestRunner@30ee2816]" started-at="2024-03-08T09:46:18 IST" name="setUpClass" finished-at="2024-03-08T09:46:21 IST" duration-ms="2618" status="PASS">
          <params>
            <param index="0">
              <value>
                <![CDATA[org.testng.TestRunner@4eaa375c]]>
              </value>
            </param>
          </params>
          <reporter-output>
          </reporter-output>
        </test-method> <!-- setUpClass -->
        <test-method signature="runScenario(io.cucumber.testng.PickleWrapper,io.cucumber.testng.FeatureWrapper)[pri:0, instance:Testrunner.TestRunner@30ee2816]" started-at="2024-03-08T09:46:21 IST" name="runScenario" description="Runs Cucumber Scenarios" data-provider="scenarios" finished-at="2024-03-08T09:46:33 IST" duration-ms="11637" status="PASS">
          <params>
            <param index="0">
              <value>
                <![CDATA["search experiance in both homepage and checkout page"]]>
              </value>
            </param>
            <param index="1">
              <value>
                <![CDATA["Place order the products"]]>
              </value>
            </param>
          </params>
          <reporter-output>
          </reporter-output>
        </test-method> <!-- runScenario -->
        <test-method is-config="true" signature="tearDownClass()[pri:0, instance:Testrunner.TestRunner@30ee2816]" started-at="2024-03-08T09:46:33 IST" name="tearDownClass" finished-at="2024-03-08T09:46:33 IST" duration-ms="690" status="PASS">
          <reporter-output>
          </reporter-output>
        </test-method> <!-- tearDownClass -->
      </class> <!-- Testrunner.TestRunner -->
    </test> <!-- Surefire test -->
  </suite> <!-- Surefire suite -->
</testng-results>
